<?xml version="1.0" encoding="UTF-8"?>
<!-- Generated by org.testng.reporters.JUnitXMLReporter -->
<testsuite ignored="1" hostname="vimalrajtamilmaran.local" failures="0" tests="1" name="Regression Test" time="0.018" errors="0" timestamp="2025-05-20T14:16:56 IST">
  <testcase classname="TestNG.demo.LoginTest" name="testLoginWithInvalidUserName" time="0.007"/>
  <testcase classname="TestNG.demo.LoginTest" name="testLoginWithValidUserName" time="0.0">
    <ignored/>
  </testcase> <!-- testLoginWithValidUserName -->
</testsuite> <!-- Regression Test -->
