<?xml version="1.0" encoding="UTF-8"?>
<testng-results ignored="0" total="1" passed="1" failed="0" skipped="0">
  <reporter-output>
  </reporter-output>
  <suite started-at="2025-05-20T15:19:35 IST" name="Default suite" finished-at="2025-05-20T15:20:24 IST" duration-ms="48214">
    <groups>
    </groups>
    <test started-at="2025-05-20T15:19:35 IST" name="Default test" finished-at="2025-05-20T15:20:24 IST" duration-ms="48214">
      <class name="TestNG.demo.PvrBooking">
        <test-method signature="bookingTicket()[pri:0, instance:TestNG.demo.PvrBooking@8f4ea7c]" started-at="2025-05-20T15:19:35 IST" name="bookingTicket" finished-at="2025-05-20T15:20:24 IST" duration-ms="48141" status="PASS">
          <reporter-output>
          </reporter-output>
        </test-method> <!-- bookingTicket -->
      </class> <!-- TestNG.demo.PvrBooking -->
    </test> <!-- Default test -->
  </suite> <!-- Default suite -->
</testng-results>
