<?xml version="1.0" encoding="UTF-8"?>
<testng-results ignored="0" total="1" passed="1" failed="0" skipped="0">
  <reporter-output>
  </reporter-output>
  <suite started-at="2025-05-19T15:17:39 IST" name="Default suite" finished-at="2025-05-19T15:17:40 IST" duration-ms="92">
    <groups>
    </groups>
    <test started-at="2025-05-19T15:17:39 IST" name="Default test" finished-at="2025-05-19T15:17:40 IST" duration-ms="92">
      <class name="HelloTestNG">
        <test-method signature="sayHello()[pri:0, instance:HelloTestNG@36bc55de]" started-at="2025-05-19T15:17:40 IST" name="sayHello" finished-at="2025-05-19T15:17:40 IST" duration-ms="20" status="PASS">
          <reporter-output>
          </reporter-output>
        </test-method> <!-- sayHello -->
      </class> <!-- HelloTestNG -->
    </test> <!-- Default test -->
  </suite> <!-- Default suite -->
</testng-results>
